Arguments: 
  C:\Program Files\nodejs\node.exe C:\Users\rajal\AppData\Roaming\npm\node_modules\yarn\bin\yarn.js add react-native-chart-kit

PATH: 
  C:\Users\rajal\bin;C:\Program Files\Git\mingw64\bin;C:\Program Files\Git\usr\local\bin;C:\Program Files\Git\usr\bin;C:\Program Files\Git\usr\bin;C:\Program Files\Git\mingw64\bin;C:\Program Files\Git\usr\bin;C:\Users\rajal\bin;C:\Windows\system32;C:\Windows;C:\Windows\System32\Wbem;C:\Windows\System32\WindowsPowerShell\v1.0;C:\Windows\System32\OpenSSH;C:\Program Files\Git\cmd;C:\Program Files\nodejs;C:\Program Files\Microsoft SQL Server\150\Tools\Binn;C:\Program Files\Microsoft SQL Server\Client SDK\ODBC\170\Tools\Binn;C:\Program Files\dotnet;C:\Program Files (x86)\Windows Kits\10\Windows Performance Toolkit;C:\xampp\php;C:\ProgramData\ComposerSetup\bin;C:\Program Files\Go\bin;C:\Users\rajal\.console-ninja\.bin;C:\Users\rajal\AppData\Local\Programs\Python\Python311\Scripts;C:\Users\rajal\AppData\Local\Programs\Python\Python311;C:\Users\rajal\AppData\Local\Microsoft\WindowsApps;C:\Users\rajal\AppData\Local\Programs\Microsoft VS Code\bin;C:\Users\rajal\AppData\Roaming\npm;C:\Users\rajal\.dotnet\tools;C:\Users\rajal\AppData\Roaming\Composer\vendor\bin;C:\Users\rajal\go\bin;C:\Program Files\Git\usr\bin\vendor_perl;C:\Program Files\Git\usr\bin\core_perl

Yarn version: 
  1.22.19

Node version: 
  18.18.0

Platform: 
  win32 x64

Trace: 
  Error: https://registry.yarnpkg.com/date-fns/-/date-fns-3.6.0.tgz: ESOCKETTIMEDOUT
      at ClientRequest.<anonymous> (C:\Users\rajal\AppData\Roaming\npm\node_modules\yarn\lib\cli.js:141517:19)
      at Object.onceWrapper (node:events:631:28)
      at ClientRequest.emit (node:events:517:28)
      at TLSSocket.emitRequestTimeout (node:_http_client:847:9)
      at Object.onceWrapper (node:events:631:28)
      at TLSSocket.emit (node:events:529:35)
      at Socket._onTimeout (node:net:598:8)
      at listOnTimeout (node:internal/timers:569:17)
      at process.processTimers (node:internal/timers:512:7)

npm manifest: 
  {
    "name": "money-management-app",
    "main": "expo-router/entry",
    "version": "1.0.0",
    "scripts": {
      "start": "expo start",
      "reset-project": "node ./scripts/reset-project.js",
      "android": "expo start --android",
      "ios": "expo start --ios",
      "web": "expo start --web",
      "test": "jest --watchAll",
      "lint": "expo lint"
    },
    "jest": {
      "preset": "jest-expo"
    },
    "dependencies": {
      "@expo/vector-icons": "^14.0.2",
      "@react-native-community/datetimepicker": "^8.0.1",
      "@react-navigation/native": "^6.0.2",
      "date-fns": "^3.6.0",
      "expo": "~51.0.18",
      "expo-constants": "~16.0.2",
      "expo-font": "~12.0.7",
      "expo-linear-gradient": "~13.0.2",
      "expo-linking": "~6.3.1",
      "expo-localization": "~15.0.3",
      "expo-router": "~3.5.17",
      "expo-splash-screen": "~0.27.5",
      "expo-status-bar": "~1.12.1",
      "expo-system-ui": "~3.0.7",
      "expo-web-browser": "~13.0.3",
      "nativewind": "^2.0.11",
      "react": "18.2.0",
      "react-dom": "18.2.0",
      "react-native": "0.74.3",
      "react-native-gesture-handler": "~2.16.1",
      "react-native-gifted-charts": "^1.4.15",
      "react-native-reanimated": "~3.10.1",
      "react-native-safe-area-context": "4.10.1",
      "react-native-screens": "3.31.1",
      "react-native-svg": "15.2.0",
      "react-native-web": "~0.19.10"
    },
    "devDependencies": {
      "@babel/core": "^7.20.0",
      "@types/jest": "^29.5.12",
      "@types/react": "~18.2.45",
      "@types/react-test-renderer": "^18.0.7",
      "jest": "^29.2.1",
      "jest-expo": "~51.0.3",
      "react-test-renderer": "18.2.0",
      "tailwindcss": "^3.3.2",
      "typescript": "~5.3.3"
    },
    "private": true
  }

yarn manifest: 
  No manifest

Lockfile: 
  No lockfile
